[0m14:37:55.571338 [debug] [MainThread]: Sending event: {'category': 'dbt', 'action': 'invocation', 'label': 'start', 'context': [<snowplow_tracker.self_describing_json.SelfDescribingJson object at 0x1041f3020>, <snowplow_tracker.self_describing_json.SelfDescribingJson object at 0x10474ca70>, <snowplow_tracker.self_describing_json.SelfDescribingJson object at 0x10474c710>]}


============================== 14:37:55.575139 | 9ad3c746-d1b9-4a3d-ac55-6ebe61203475 ==============================
[0m14:37:55.575139 [info ] [MainThread]: Running with dbt=1.9.4
[0m14:37:55.575560 [debug] [MainThread]: running dbt with arguments {'printer_width': '80', 'indirect_selection': 'eager', 'log_cache_events': 'False', 'write_json': 'True', 'partial_parse': 'True', 'cache_selected_only': 'False', 'profiles_dir': '/Users/dennismain/.dbt', 'fail_fast': 'False', 'version_check': 'True', 'log_path': 'logs', 'warn_error': 'None', 'debug': 'False', 'use_colors': 'True', 'use_experimental_parser': 'False', 'empty': 'None', 'quiet': 'False', 'no_print': 'None', 'warn_error_options': 'WarnErrorOptions(include=[], exclude=[])', 'introspect': 'True', 'static_parser': 'True', 'log_format': 'default', 'target_path': 'None', 'invocation_command': 'dbt init netflix_dbt', 'send_anonymous_usage_stats': 'True'}
[0m14:37:55.587397 [warn ] [MainThread]: [ConfigFolderDirectory]: Unable to parse logging event dictionary. Failed to parse dir field: expected string or bytes-like object, got 'PosixPath'.. Dictionary: {'dir': PosixPath('/Users/dennismain/.dbt')}
[0m14:37:55.587744 [info ] [MainThread]: Creating dbt configuration folder at 
[0m14:37:55.589201 [debug] [MainThread]: Starter project path: /Users/dennismain/Documents/Netflix_algorithm/venv/lib/python3.12/site-packages/dbt/include/starter_project
[0m14:37:55.595787 [info ] [MainThread]: 
Your new dbt project "netflix_dbt" was created!

For more information on how to configure the profiles.yml file,
please consult the dbt documentation here:

  https://docs.getdbt.com/docs/configure-your-profile

One more thing:

Need help? Don't hesitate to reach out to us via GitHub issues or on Slack:

  https://community.getdbt.com/

Happy modeling!

[0m14:37:55.596226 [info ] [MainThread]: Setting up your profile.
[0m14:40:36.262848 [info ] [MainThread]: Profile netflix_dbt written to /Users/dennismain/.dbt/profiles.yml using target's profile_template.yml and your supplied values. Run 'dbt debug' to validate the connection.
[0m14:40:36.550413 [debug] [MainThread]: Resource report: {"command_name": "init", "command_success": true, "command_wall_clock_time": 161.02753, "process_in_blocks": "0", "process_kernel_time": 0.20016, "process_mem_max_rss": "98484224", "process_out_blocks": "0", "process_user_time": 0.890272}
[0m14:40:36.551815 [debug] [MainThread]: Command `dbt init` succeeded at 14:40:36.551594 after 161.03 seconds
[0m14:40:36.553261 [debug] [MainThread]: Sending event: {'category': 'dbt', 'action': 'invocation', 'label': 'end', 'context': [<snowplow_tracker.self_describing_json.SelfDescribingJson object at 0x100442720>, <snowplow_tracker.self_describing_json.SelfDescribingJson object at 0x103fe89b0>, <snowplow_tracker.self_describing_json.SelfDescribingJson object at 0x10474c860>]}
[0m14:40:36.554093 [debug] [MainThread]: Flushing usage events
[0m14:40:37.123383 [debug] [MainThread]: An error was encountered while trying to flush usage events
[0m14:40:49.874111 [debug] [MainThread]: Sending event: {'category': 'dbt', 'action': 'invocation', 'label': 'start', 'context': [<snowplow_tracker.self_describing_json.SelfDescribingJson object at 0x103e9c440>, <snowplow_tracker.self_describing_json.SelfDescribingJson object at 0x1045ac7d0>, <snowplow_tracker.self_describing_json.SelfDescribingJson object at 0x1045ac4a0>]}


============================== 14:40:49.877843 | f396c558-a8f1-46e3-8d46-d3ae8767edd9 ==============================
[0m14:40:49.877843 [info ] [MainThread]: Running with dbt=1.9.4
[0m14:40:49.878307 [debug] [MainThread]: running dbt with arguments {'printer_width': '80', 'indirect_selection': 'eager', 'write_json': 'True', 'log_cache_events': 'False', 'partial_parse': 'True', 'cache_selected_only': 'False', 'profiles_dir': '/Users/dennismain/.dbt', 'fail_fast': 'False', 'debug': 'False', 'log_path': 'logs', 'version_check': 'True', 'warn_error': 'None', 'use_colors': 'True', 'use_experimental_parser': 'False', 'empty': 'None', 'quiet': 'False', 'no_print': 'None', 'warn_error_options': 'WarnErrorOptions(include=[], exclude=[])', 'static_parser': 'True', 'log_format': 'default', 'invocation_command': 'dbt debug', 'target_path': 'None', 'introspect': 'True', 'send_anonymous_usage_stats': 'True'}
[0m14:40:49.890019 [info ] [MainThread]: dbt version: 1.9.4
[0m14:40:49.890294 [info ] [MainThread]: python version: 3.12.9
[0m14:40:49.890467 [info ] [MainThread]: python path: /Users/dennismain/Documents/Netflix_algorithm/venv/bin/python3.12
[0m14:40:49.890631 [info ] [MainThread]: os info: macOS-14.4.1-arm64-arm-64bit
[0m14:40:49.943805 [info ] [MainThread]: Using profiles dir at /Users/dennismain/.dbt
[0m14:40:49.944138 [info ] [MainThread]: Using profiles.yml file at /Users/dennismain/.dbt/profiles.yml
[0m14:40:49.944324 [info ] [MainThread]: Using dbt_project.yml file at /Users/dennismain/Documents/Netflix_algorithm/dbt_project.yml
[0m14:40:49.944767 [info ] [MainThread]: adapter type: postgres
[0m14:40:49.945003 [info ] [MainThread]: adapter version: 1.9.0
[0m14:40:49.945188 [info ] [MainThread]: Configuration:
[0m14:40:49.945348 [info ] [MainThread]:   profiles.yml file [[32mOK found and valid[0m]
[0m14:40:49.945499 [info ] [MainThread]:   dbt_project.yml file [[31mERROR not found[0m]
[0m14:40:49.945652 [info ] [MainThread]: Required dependencies:
[0m14:40:49.945843 [debug] [MainThread]: Executing "git --help"
[0m14:40:49.962301 [debug] [MainThread]: STDOUT: "b"usage: git [-v | --version] [-h | --help] [-C <path>] [-c <name>=<value>]\n           [--exec-path[=<path>]] [--html-path] [--man-path] [--info-path]\n           [-p | --paginate | -P | --no-pager] [--no-replace-objects] [--no-lazy-fetch]\n           [--no-optional-locks] [--no-advice] [--bare] [--git-dir=<path>]\n           [--work-tree=<path>] [--namespace=<name>] [--config-env=<name>=<envvar>]\n           <command> [<args>]\n\nThese are common Git commands used in various situations:\n\nstart a working area (see also: git help tutorial)\n   clone     Clone a repository into a new directory\n   init      Create an empty Git repository or reinitialize an existing one\n\nwork on the current change (see also: git help everyday)\n   add       Add file contents to the index\n   mv        Move or rename a file, a directory, or a symlink\n   restore   Restore working tree files\n   rm        Remove files from the working tree and from the index\n\nexamine the history and state (see also: git help revisions)\n   bisect    Use binary search to find the commit that introduced a bug\n   diff      Show changes between commits, commit and working tree, etc\n   grep      Print lines matching a pattern\n   log       Show commit logs\n   show      Show various types of objects\n   status    Show the working tree status\n\ngrow, mark and tweak your common history\n   branch    List, create, or delete branches\n   commit    Record changes to the repository\n   merge     Join two or more development histories together\n   rebase    Reapply commits on top of another base tip\n   reset     Reset current HEAD to the specified state\n   switch    Switch branches\n   tag       Create, list, delete or verify a tag object signed with GPG\n\ncollaborate (see also: git help workflows)\n   fetch     Download objects and refs from another repository\n   pull      Fetch from and integrate with another repository or a local branch\n   push      Update remote refs along with associated objects\n\n'git help -a' and 'git help -g' list available subcommands and some\nconcept guides. See 'git help <command>' or 'git help <concept>'\nto read about a specific subcommand or concept.\nSee 'git help git' for an overview of the system.\n""
[0m14:40:49.963129 [debug] [MainThread]: STDERR: "b''"
[0m14:40:49.963391 [info ] [MainThread]:  - git [[32mOK found[0m]

[0m14:40:49.963609 [info ] [MainThread]: Connection:
[0m14:40:49.963811 [info ] [MainThread]:   host: localhost
[0m14:40:49.963968 [info ] [MainThread]:   port: 5432
[0m14:40:49.964115 [info ] [MainThread]:   user: postgres
[0m14:40:49.964257 [info ] [MainThread]:   database: netflix_db
[0m14:40:49.964403 [info ] [MainThread]:   schema: public
[0m14:40:49.964544 [info ] [MainThread]:   connect_timeout: 10
[0m14:40:49.964692 [info ] [MainThread]:   role: None
[0m14:40:49.964834 [info ] [MainThread]:   search_path: None
[0m14:40:49.964973 [info ] [MainThread]:   keepalives_idle: 0
[0m14:40:49.965114 [info ] [MainThread]:   sslmode: None
[0m14:40:49.965250 [info ] [MainThread]:   sslcert: None
[0m14:40:49.965394 [info ] [MainThread]:   sslkey: None
[0m14:40:49.965695 [info ] [MainThread]:   sslrootcert: None
[0m14:40:49.965951 [info ] [MainThread]:   application_name: dbt
[0m14:40:49.966117 [info ] [MainThread]:   retries: 1
[0m14:40:49.966597 [info ] [MainThread]: Registered adapter: postgres=1.9.0
[0m14:40:50.099011 [debug] [MainThread]: Acquiring new postgres connection 'debug'
[0m14:40:50.143256 [debug] [MainThread]: Using postgres connection "debug"
[0m14:40:50.143502 [debug] [MainThread]: On debug: select 1 as id
[0m14:40:50.143689 [debug] [MainThread]: Opening a new connection, currently in state init
[0m14:40:50.330773 [debug] [MainThread]: SQL status: SELECT 1 in 0.187 seconds
[0m14:40:50.331813 [debug] [MainThread]: On debug: Close
[0m14:40:50.332116 [info ] [MainThread]:   Connection test: [[32mOK connection ok[0m]

[0m14:40:50.332475 [info ] [MainThread]: [31m1 check failed:[0m
[0m14:40:50.332782 [info ] [MainThread]: Project loading failed for the following reason:
 project path </Users/dennismain/Documents/Netflix_algorithm/dbt_project.yml> not found

[0m14:40:50.334856 [debug] [MainThread]: Resource report: {"command_name": "debug", "command_success": false, "command_wall_clock_time": 0.507287, "process_in_blocks": "0", "process_kernel_time": 0.244176, "process_mem_max_rss": "114573312", "process_out_blocks": "0", "process_user_time": 0.959729}
[0m14:40:50.335220 [debug] [MainThread]: Command `dbt debug` failed at 14:40:50.335140 after 0.51 seconds
[0m14:40:50.335494 [debug] [MainThread]: Connection 'debug' was properly closed.
[0m14:40:50.335763 [debug] [MainThread]: Sending event: {'category': 'dbt', 'action': 'invocation', 'label': 'end', 'context': [<snowplow_tracker.self_describing_json.SelfDescribingJson object at 0x104aefe00>, <snowplow_tracker.self_describing_json.SelfDescribingJson object at 0x1045ac5c0>, <snowplow_tracker.self_describing_json.SelfDescribingJson object at 0x1045ac5f0>]}
[0m14:40:50.336092 [debug] [MainThread]: Flushing usage events
[0m14:40:50.815507 [debug] [MainThread]: An error was encountered while trying to flush usage events
[0m14:42:05.749204 [debug] [MainThread]: Sending event: {'category': 'dbt', 'action': 'invocation', 'label': 'start', 'context': [<snowplow_tracker.self_describing_json.SelfDescribingJson object at 0x10583b860>, <snowplow_tracker.self_describing_json.SelfDescribingJson object at 0x103d63b30>, <snowplow_tracker.self_describing_json.SelfDescribingJson object at 0x105e284d0>]}


============================== 14:42:05.753202 | 53628ed8-2301-46c9-82d0-968f81e911db ==============================
[0m14:42:05.753202 [info ] [MainThread]: Running with dbt=1.9.4
[0m14:42:05.753668 [debug] [MainThread]: running dbt with arguments {'printer_width': '80', 'indirect_selection': 'eager', 'write_json': 'True', 'log_cache_events': 'False', 'partial_parse': 'True', 'cache_selected_only': 'False', 'warn_error': 'None', 'fail_fast': 'False', 'debug': 'False', 'log_path': 'logs', 'profiles_dir': '/Users/dennismain/.dbt', 'version_check': 'True', 'use_colors': 'True', 'use_experimental_parser': 'False', 'no_print': 'None', 'quiet': 'False', 'empty': 'None', 'log_format': 'default', 'invocation_command': 'dbt init netflix_dbt', 'introspect': 'True', 'warn_error_options': 'WarnErrorOptions(include=[], exclude=[])', 'target_path': 'None', 'static_parser': 'True', 'send_anonymous_usage_stats': 'True'}
[0m14:42:05.765492 [info ] [MainThread]: A project called netflix_dbt already exists here.
[0m14:42:05.767278 [debug] [MainThread]: Resource report: {"command_name": "init", "command_success": true, "command_wall_clock_time": 0.063002914, "process_in_blocks": "0", "process_kernel_time": 0.152679, "process_mem_max_rss": "99041280", "process_out_blocks": "0", "process_user_time": 0.859872}
[0m14:42:05.767659 [debug] [MainThread]: Command `dbt init` succeeded at 14:42:05.767583 after 0.06 seconds
[0m14:42:05.767926 [debug] [MainThread]: Sending event: {'category': 'dbt', 'action': 'invocation', 'label': 'end', 'context': [<snowplow_tracker.self_describing_json.SelfDescribingJson object at 0x105c537a0>, <snowplow_tracker.self_describing_json.SelfDescribingJson object at 0x10421cb60>, <snowplow_tracker.self_describing_json.SelfDescribingJson object at 0x105e8a6c0>]}
[0m14:42:05.768302 [debug] [MainThread]: Flushing usage events
[0m14:42:06.295293 [debug] [MainThread]: An error was encountered while trying to flush usage events
